<?xml version="1.0" encoding="UTF-8"?>
<testng-results ignored="0" total="5" passed="4" failed="1" skipped="0">
  <reporter-output>
  </reporter-output>
  <suite started-at="2025-08-12T19:31:23 IST" name="Cucumber Parallel Suite" finished-at="2025-08-12T19:31:44 IST" duration-ms="20484">
    <groups>
      <group name="cucumber">
        <method signature="AbstractTestNGCucumberTests.runScenario(io.cucumber.testng.PickleWrapper,io.cucumber.testng.FeatureWrapper)[pri:0, instance:runner.TestRunner@654f0d9c]" name="runScenario" class="io.cucumber.testng.AbstractTestNGCucumberTests"/>
      </group> <!-- cucumber -->
    </groups>
    <test started-at="2025-08-12T19:31:23 IST" name="Cucumber Tests" finished-at="2025-08-12T19:31:44 IST" duration-ms="20484">
      <class name="runner.TestRunner">
        <test-method is-config="true" signature="setUpClass(org.testng.ITestContext)[pri:0, instance:runner.TestRunner@654f0d9c]" started-at="2025-08-12T19:31:23 IST" name="setUpClass" finished-at="2025-08-12T19:31:24 IST" duration-ms="454" status="PASS">
          <params>
            <param index="0">
              <value>
                <![CDATA[org.testng.TestRunner@54d9d12d]]>
              </value>
            </param>
          </params>
          <reporter-output>
          </reporter-output>
        </test-method> <!-- setUpClass -->
        <test-method signature="runScenario(io.cucumber.testng.PickleWrapper,io.cucumber.testng.FeatureWrapper)[pri:0, instance:runner.TestRunner@654f0d9c]" started-at="2025-08-12T19:31:24 IST" name="runScenario" description="Runs Cucumber Scenarios" data-provider="scenarios" finished-at="2025-08-12T19:31:40 IST" duration-ms="16584" status="PASS">
          <params>
            <param index="0">
              <value>
                <![CDATA["Unsuccessful login with invalid or empty credentials"]]>
              </value>
            </param>
            <param index="1">
              <value>
                <![CDATA["Login Functionality for OpenCart E-commerce Website"]]>
              </value>
            </param>
          </params>
          <reporter-output>
          </reporter-output>
        </test-method> <!-- runScenario -->
        <test-method signature="runScenario(io.cucumber.testng.PickleWrapper,io.cucumber.testng.FeatureWrapper)[pri:0, instance:runner.TestRunner@654f0d9c]" started-at="2025-08-12T19:31:24 IST" name="runScenario" description="Runs Cucumber Scenarios" data-provider="scenarios" finished-at="2025-08-12T19:31:40 IST" duration-ms="16659" status="PASS">
          <params>
            <param index="0">
              <value>
                <![CDATA["Unsuccessful login with invalid or empty credentials"]]>
              </value>
            </param>
            <param index="1">
              <value>
                <![CDATA["Login Functionality for OpenCart E-commerce Website"]]>
              </value>
            </param>
          </params>
          <reporter-output>
          </reporter-output>
        </test-method> <!-- runScenario -->
        <test-method signature="runScenario(io.cucumber.testng.PickleWrapper,io.cucumber.testng.FeatureWrapper)[pri:0, instance:runner.TestRunner@654f0d9c]" started-at="2025-08-12T19:31:24 IST" name="runScenario" description="Runs Cucumber Scenarios" data-provider="scenarios" finished-at="2025-08-12T19:31:41 IST" duration-ms="16737" status="PASS">
          <params>
            <param index="0">
              <value>
                <![CDATA["Unsuccessful login with invalid or empty credentials"]]>
              </value>
            </param>
            <param index="1">
              <value>
                <![CDATA["Login Functionality for OpenCart E-commerce Website"]]>
              </value>
            </param>
          </params>
          <reporter-output>
          </reporter-output>
        </test-method> <!-- runScenario -->
        <test-method signature="runScenario(io.cucumber.testng.PickleWrapper,io.cucumber.testng.FeatureWrapper)[pri:0, instance:runner.TestRunner@654f0d9c]" started-at="2025-08-12T19:31:24 IST" name="runScenario" description="Runs Cucumber Scenarios" data-provider="scenarios" finished-at="2025-08-12T19:31:40 IST" duration-ms="16433" status="PASS">
          <params>
            <param index="0">
              <value>
                <![CDATA["Navigating to the forgotten password page"]]>
              </value>
            </param>
            <param index="1">
              <value>
                <![CDATA["Login Functionality for OpenCart E-commerce Website"]]>
              </value>
            </param>
          </params>
          <reporter-output>
          </reporter-output>
        </test-method> <!-- runScenario -->
        <test-method signature="runScenario(io.cucumber.testng.PickleWrapper,io.cucumber.testng.FeatureWrapper)[pri:0, instance:runner.TestRunner@654f0d9c]" started-at="2025-08-12T19:31:24 IST" name="runScenario" description="Runs Cucumber Scenarios" data-provider="scenarios" finished-at="2025-08-12T19:31:41 IST" duration-ms="17240" status="FAIL">
          <params>
            <param index="0">
              <value>
                <![CDATA["Successful login with valid credentials"]]>
              </value>
            </param>
            <param index="1">
              <value>
                <![CDATA["Login Functionality for OpenCart E-commerce Website"]]>
              </value>
            </param>
          </params>
          <exception class="org.openqa.selenium.NoSuchElementException">
            <message>
              <![CDATA[no such element: Unable to locate element: {"method":"link text","selector":"Logout"}
  (Session info: chrome=139.0.7258.66)
For documentation on this error, please visit: https://selenium.dev/exceptions/#no_such_element
Build info: version: '4.8.2', revision: '826dbfc730'
System info: os.name: 'Windows 11', os.arch: 'amd64', os.version: '10.0', java.version: '17.0.12'
Driver info: org.openqa.selenium.chrome.ChromeDriver
Command: [f32394303179e46b9294714db761e525, findElement {using=link text, value=Logout}]
Capabilities {acceptInsecureCerts: false, browserName: chrome, browserVersion: 139.0.7258.66, chrome: {chromedriverVersion: 139.0.7258.66 (a62d32994769..., userDataDir: C:\Users\irisuser\AppData\L...}, fedcm:accounts: true, goog:chromeOptions: {debuggerAddress: localhost:51062}, networkConnectionEnabled: false, pageLoadStrategy: normal, platformName: WINDOWS, proxy: Proxy(), se:cdp: ws://localhost:51062/devtoo..., se:cdpVersion: 139.0.7258.66, setWindowRect: true, strictFileInteractability: false, timeouts: {implicit: 0, pageLoad: 300000, script: 30000}, unhandledPromptBehavior: dismiss and notify, webauthn:extension:credBlob: true, webauthn:extension:largeBlob: true, webauthn:extension:minPinLength: true, webauthn:extension:prf: true, webauthn:virtualAuthenticators: true}
Session ID: f32394303179e46b9294714db761e525]]>
            </message>
            <full-stacktrace>
              <![CDATA[org.openqa.selenium.NoSuchElementException: no such element: Unable to locate element: {"method":"link text","selector":"Logout"}
  (Session info: chrome=139.0.7258.66)
For documentation on this error, please visit: https://selenium.dev/exceptions/#no_such_element
Build info: version: '4.8.2', revision: '826dbfc730'
System info: os.name: 'Windows 11', os.arch: 'amd64', os.version: '10.0', java.version: '17.0.12'
Driver info: org.openqa.selenium.chrome.ChromeDriver
Command: [f32394303179e46b9294714db761e525, findElement {using=link text, value=Logout}]
Capabilities {acceptInsecureCerts: false, browserName: chrome, browserVersion: 139.0.7258.66, chrome: {chromedriverVersion: 139.0.7258.66 (a62d32994769..., userDataDir: C:\Users\irisuser\AppData\L...}, fedcm:accounts: true, goog:chromeOptions: {debuggerAddress: localhost:51062}, networkConnectionEnabled: false, pageLoadStrategy: normal, platformName: WINDOWS, proxy: Proxy(), se:cdp: ws://localhost:51062/devtoo..., se:cdpVersion: 139.0.7258.66, setWindowRect: true, strictFileInteractability: false, timeouts: {implicit: 0, pageLoad: 300000, script: 30000}, unhandledPromptBehavior: dismiss and notify, webauthn:extension:credBlob: true, webauthn:extension:largeBlob: true, webauthn:extension:minPinLength: true, webauthn:extension:prf: true, webauthn:virtualAuthenticators: true}
Session ID: f32394303179e46b9294714db761e525
at java.base/jdk.internal.reflect.NativeConstructorAccessorImpl.newInstance0(Native Method)
at java.base/jdk.internal.reflect.NativeConstructorAccessorImpl.newInstance(NativeConstructorAccessorImpl.java:77)
at java.base/jdk.internal.reflect.DelegatingConstructorAccessorImpl.newInstance(DelegatingConstructorAccessorImpl.java:45)
at java.base/java.lang.reflect.Constructor.newInstanceWithCaller(Constructor.java:499)
at java.base/java.lang.reflect.Constructor.newInstance(Constructor.java:480)
at org.openqa.selenium.remote.codec.w3c.W3CHttpResponseCodec.createException(W3CHttpResponseCodec.java:200)
at org.openqa.selenium.remote.codec.w3c.W3CHttpResponseCodec.decode(W3CHttpResponseCodec.java:133)
at org.openqa.selenium.remote.codec.w3c.W3CHttpResponseCodec.decode(W3CHttpResponseCodec.java:53)
at org.openqa.selenium.remote.HttpCommandExecutor.execute(HttpCommandExecutor.java:193)
at org.openqa.selenium.remote.service.DriverCommandExecutor.invokeExecute(DriverCommandExecutor.java:183)
at org.openqa.selenium.remote.service.DriverCommandExecutor.execute(DriverCommandExecutor.java:158)
at org.openqa.selenium.remote.RemoteWebDriver.execute(RemoteWebDriver.java:543)
at org.openqa.selenium.remote.ElementLocation$ElementFinder$2.findElement(ElementLocation.java:162)
at org.openqa.selenium.remote.ElementLocation.findElement(ElementLocation.java:60)
at org.openqa.selenium.remote.RemoteWebDriver.findElement(RemoteWebDriver.java:352)
at org.openqa.selenium.remote.RemoteWebDriver.findElement(RemoteWebDriver.java:344)
at pages.LoginPage.checkLogoutLink(LoginPage.java:52)
at com.qa.mystepdefs.LoginStepDefinitions.i_should_be_logged_in_successfully(LoginStepDefinitions.java:62)
at ✽.I should be logged in successfully(file:///D:/automation/Java%20Maven/Cucumber7.xTestNGLatestPOC/src/test/resources/features/loginpage.feature:13)
]]>
            </full-stacktrace>
          </exception> <!-- org.openqa.selenium.NoSuchElementException -->
          <reporter-output>
          </reporter-output>
        </test-method> <!-- runScenario -->
        <test-method is-config="true" signature="tearDownClass()[pri:0, instance:runner.TestRunner@654f0d9c]" started-at="2025-08-12T19:31:41 IST" name="tearDownClass" finished-at="2025-08-12T19:31:44 IST" duration-ms="2742" status="PASS">
          <reporter-output>
          </reporter-output>
        </test-method> <!-- tearDownClass -->
      </class> <!-- runner.TestRunner -->
    </test> <!-- Cucumber Tests -->
  </suite> <!-- Cucumber Parallel Suite -->
</testng-results>
